[2025-05-21T06:59:26.171981] USER: What is study in India Program?
[2025-05-21T07:00:07.410081] BOT:  The Study in India (SII) program is a government initiative launched in 2018 that invites international students to pursue higher education in India's top institutions. It offers over 2600 courses across various disciplines, including engineering, law, yoga, and Ayurveda. To apply for the SII program, you need to follow these steps:

1. Visit [www.studyinindia.gov.in](https://www.studyinindia.gov.in)
2. Register as a new user using your email ID
3. Fill out your profile with academic and personal information
4. Upload necessary documents (marksheets, passport, etc.)
5. Choose and rank your course preferences
6. Submit your application

You can track updates and offers through your dashboard after submission. For more details or assistance, you may need help with:

- What documents do I need?
- What happens after applying?
- I made a mistake. Can I fix it?
- Checklist before submitting?
[2025-05-21T07:00:58.020688] USER: Explain it in just 2 lines
[2025-05-21T07:01:39.156754] BOT:  The essential documents required to apply for the Study in India (SII) program include:

1. Passport or ID proof if your passport is under process
2. Marksheets for class 10th and 12th or equivalent
3. Degree certificates (if applicable)
4. A passport-size photograph

Additional documents that may be required include:

* English proficiency test scores
* Additional exam scorecards (if any)

After submitting your application, you can track updates and offers through your dashboard. Once admitted, prepare travel & visa documents accordingly.
[2025-06-16T15:21:01.756515] USER: HI what is SII?
[2025-06-16T15:22:33.745617] BOT:  Hello! The Study in India (SII) program is a flagship initiative by the Ministry of Education, Government of India. It was launched in 2018 to invite international students to pursue higher education in India's top institutions. The program connects students with over 100+ top-ranked institutes and offers 2600+ courses across disciplines such as engineering, law, yoga, Ayurveda, and more! If you are interested, you can explore the participating institutes on the SII platform or learn about how to apply for the program.
[2025-06-17T09:27:20.810094] USER: Hi
[2025-06-17T09:27:38.751980] BOT:  Hello! My name is Study In India Assistant. How can I help you today?
